Not enough operands 
Not enough operands 
Not enough operands 
163021201 
Unknown operator 163021201 
Not enough operands 163021201 
Not enough operands 163021201 
Unknown operator 163021201 
163021201 -303421668 
0 
0 -1815878763 
-1815878763 
Not enough operands -1815878763 
Not enough operands -1815878763 
-1815878763 -1192585708 
Unknown operator -1815878763 -1192585708 
1 
Not enough operands 1 
1 2132843018 
2132843018 
Not enough operands 2132843018 
2132843018 -578608792 
-3 
Not enough operands -3 
Not enough operands -3 
-3 -106500773 
0 
Unknown operator 0 
Not enough operands 0 
0 211826199 
-211826199 
Unknown operator -211826199 
Unknown operator -211826199 
Not enough operands -211826199 
Not enough operands -211826199 
-211826199 -537883300 
0 
Not enough operands 0 
0 1431027696 
0 1431027696 -351701895 
0 1431027696 -351701895 -1597170052 
0 1431027696 -351701895 -1597170052 -203857617 
Unknown operator 0 1431027696 -351701895 -1597170052 -203857617 
0 1431027696 -351701895 -1597170052 -203857617 -189351558 
Unknown operator 0 1431027696 -351701895 -1597170052 -203857617 -189351558 
0 1431027696 -351701895 -1597170052 -14506059 
0 1431027696 -351701895 -1582663993 
0 1431027696 -2124197873 
0 0 
Unknown operator 0 0 
0 0 1753439496 
0 0 
Unknown operator 0 0 
0 0 -184616190 
0 -184616190 
0 
Not enough operands 0 
0 1435959687 
0 
0 -1935721766 
-1935721766 
Unknown operator -1935721766 
-1935721766 -237383482 
1069720732 
Not enough operands 1069720732 
1069720732 -592037963 
-1 
Not enough operands -1 
-1 -247547136 
-1 -247547136 1491055215 
-1 490280192 
490280191 
Not enough operands 490280191 
Not enough operands 490280191 
Not enough operands 490280191 
Not enough operands 490280191 
Not enough operands 490280191 
490280191 622209323 
-131929132 
Not enough operands -131929132 
-131929132 -1053645370 
-1185574502 
-1185574502 -1353565013 
1755827781 
Not enough operands 1755827781 
Not enough operands 1755827781 
Not enough operands 1755827781 
1755827781 2114559623 
0 
Not enough operands 0 
0 506275890 
0 
0 -134108503 
0 -134108503 -558676615 
0 -1913375007 
Unknown operator 0 -1913375007 
0 
0 -1297484303 
0 -1297484303 -1533139214 
Unknown operator 0 -1297484303 -1533139214 
0 -1297484303 -1533139214 1402705251 
0 -1297484303 -130433963 
0 9 
-9 
Not enough operands -9 
Not enough operands -9 
-9 294886646 
-294886655 
Unknown operator -294886655 
Not enough operands -294886655 
Not enough operands -294886655 
-294886655 1275634063 
Unknown operator -294886655 1275634063 
-294886655 1275634063 -75911297 
-294886655 1275634063 -75911297 -1897581387 
-294886655 1275634063 -1973492684 
-294886655 0 
-294886655 0 -383438905 
-294886655 383438905 
0 
Not enough operands 0 
0 504982598 
0 504982598 1197872799 
Unknown operator 0 504982598 1197872799 
0 1702855397 
0 1702855397 -2026640796 
0 1702855397 -2026640796 -171276577 
0 1702855397 11 
Unknown operator 0 1702855397 11 
Unknown operator 0 1702855397 11 
0 1702855408 
0 1702855408 1655897195 
0 1 
Unknown operator 0 1 
Unknown operator 0 1 
Unknown operator 0 1 
0 1 -2083136959 
0 1 -2083136959 1678396050 
0 1 -342408430 
0 0 
0 
0 253007360 
0 253007360 566791242 
0 0 
0 0 1097480160 
0 1097480160 
0 1097480160 -1663901722 
0 0 
0 
0 1540708098 
0 1540708098 -1006448766 
0 -1747810432 
0 -1747810432 586091715 
0 70727296 
-70727296 
-70727296 -997801538 
-1209070336 
Not enough operands -1209070336 
Not enough operands -1209070336 
Not enough operands -1209070336 
Not enough operands -1209070336 
-1209070336 -251259330 
-957811006 
Not enough operands -957811006 
-957811006 348378509 
-1306189515 
Not enough operands -1306189515 
-1306189515 1101918591 
-204270924 
Unknown operator -204270924 
Not enough operands -204270924 
Unknown operator -204270924 
Not enough operands -204270924 
Not enough operands -204270924 
-204270924 -714782892 
510511968 
Not enough operands 510511968 
510511968 -467480555 
Unknown operator 510511968 -467480555 
977992523 
Unknown operator 977992523 
Not enough operands 977992523 
Not enough operands 977992523 
Not enough operands 977992523 
Not enough operands 977992523 
Not enough operands 977992523 
977992523 1692415346 
0 
Unknown operator 0 
Not enough operands 0 
Not enough operands 0 
Not enough operands 0 
0 -1963834580 
0 -1963834580 1253455751 
0 -881336268 
0 
Not enough operands 0 
Unknown operator 0 
Unknown operator 0 
0 -207633865 
Unknown operator 0 -207633865 
207633865 
Not enough operands 207633865 
Not enough operands 207633865 
Not enough operands 207633865 
Not enough operands 207633865 
Not enough operands 207633865 
Unknown operator 207633865 
Not enough operands 207633865 
Not enough operands 207633865 
Not enough operands 207633865 
Not enough operands 207633865 
Not enough operands 207633865 
Unknown operator 207633865 
Not enough operands 207633865 
Not enough operands 207633865 
Unknown operator 207633865 
207633865 -1494938539 
207633865 -1494938539 759308071 
207633865 -1 
Unknown operator 207633865 -1 
-207633865 
-207633865 7859896 
-207633865 7859896 -1290645279 
Unknown operator -207633865 7859896 -1290645279 
Unknown operator -207633865 7859896 -1290645279 
-207633865 7859896 -1290645279 -1696908946 
-207633865 7859896 406263667 
-207633865 7859896 406263667 -1104226876 
-207633865 7859896 -697963209 
-207633865 542941576 
-750575441 
Not enough operands -750575441 
Not enough operands -750575441 
Unknown operator -750575441 
Not enough operands -750575441 
Not enough operands -750575441 
Not enough operands -750575441 
Not enough operands -750575441 
Not enough operands -750575441 
Not enough operands -750575441 
Not enough operands -750575441 
-750575441 876668136 
-750575441 876668136 -1102307030 
-750575441 0 
-750575441 
Not enough operands -750575441 
-750575441 -520210948 
-230364493 
-230364493 1434388623 
-230364493 1434388623 1774054646 
-230364493 -1086524027 
-230364493 -1086524027 1035785181 
Unknown operator -230364493 -1086524027 1035785181 
Unknown operator -230364493 -1086524027 1035785181 
-230364493 -1086524027 1035785181 938530681 
-230364493 -1086524027 1974315862 
-230364493 -1086524027 1974315862 -202508209 
-230364493 -1086524027 1771807653 
-230364493 -1086524027 1771807653 1770376179 
Unknown operator -230364493 -1086524027 1771807653 1770376179 
Unknown operator -230364493 -1086524027 1771807653 1770376179 
-230364493 -1086524027 1 
-230364493 -1086524028 
-1316888521 
Not enough operands -1316888521 
Unknown operator -1316888521 
-1316888521 -578344681 
-1316888521 -578344681 1494070220 
Unknown operator -1316888521 -578344681 1494070220 
-1316888521 -2072414901 
-1299918051 
Not enough operands -1299918051 
-1299918051 -1348864679 
764225045 
Not enough operands 764225045 
Not enough operands 764225045 
Not enough operands 764225045 
764225045 -1866166446 
-1101941401 
Not enough operands -1101941401 
Unknown operator -1101941401 
-1101941401 1194147090 
0 
Unknown operator 0 
Not enough operands 0 
Not enough operands 0 
Not enough operands 0 
Unknown operator 0 
0 -1412322216 
0 -1412322216 917228207 
0 -1793441752 
0 
0 -173060092 
0 
Not enough operands 0 
0 -1110346930 
Unknown operator 0 -1110346930 
0 -1110346930 401287371 
0 -709059559 
0 -709059559 1955479416 
Unknown operator 0 -709059559 1955479416 
0 1630428321 
1630428321 
Not enough operands 1630428321 
Not enough operands 1630428321 
Not enough operands 1630428321 
1630428321 -843805974 
786622347 
Not enough operands 786622347 
786622347 935514102 
1722136449 
1722136449 937513327 
1722136449 937513327 885184180 
Unknown operator 1722136449 937513327 885184180 
1722136449 937513327 885184180 1471375994 
1722136449 937513327 885184180 1471375994 819273554 
1722136449 937513327 885184180 1471375994 819273554 774304029 
1722136449 937513327 885184180 1471375994 -1932738998 
1722136449 937513327 885184180 1471375994 -1932738998 982825805 
1722136449 937513327 885184180 1471375994 -949913193 
1722136449 937513327 885184180 -1235126282 
1722136449 937513327 0 
1722136449 937513327 0 -761916534 
1722136449 937513327 761916534 
1722136449 1699429861 
1722136449 1699429861 1805165379 
1722136449 -790372056 
1722136449 -790372056 -415167081 
1722136449 1 
1722136449 1 -1949387483 
Unknown operator 1722136449 1 -1949387483 
1722136449 -1949387483 
-623443364 
-623443364 1675438333 
Unknown operator -623443364 1675438333 
-623443364 1675438333 -1935191482 
-623443364 1675438333 -1935191482 1019241624 
-623443364 1675438333 -1935191482 1019241624 1333260530 
-623443364 1675438333 -1935191482 -314018906 
Unknown operator -623443364 1675438333 -1935191482 -314018906 
-623443364 1675438333 1344588644 
-623443364 330849689 
1820054780 
1820054780 -627377864 
-455625952 
Unknown operator -455625952 
Not enough operands -455625952 
Not enough operands -455625952 
Not enough operands -455625952 
Not enough operands -455625952 
Not enough operands -455625952 
Not enough operands -455625952 
Not enough operands -455625952 
Not enough operands -455625952 
Not enough operands -455625952 
-455625952 854160298 
-1309786250 
-1309786250 999631126 
-1 
Not enough operands -1 
Unknown operator -1 
Not enough operands -1 
Unknown operator -1 
-1 -1854008825 
-1854008826 
Not enough operands -1854008826 
-1854008826 -254295880 
7 
Not enough operands 7 
Not enough operands 7 
Not enough operands 7 
Unknown operator 7 
Unknown operator 7 
Not enough operands 7 
Not enough operands 7 
Unknown operator 7 
7 -2034177591 
Unknown operator 7 -2034177591 
Unknown operator 7 -2034177591 
2034177598 
Unknown operator 2034177598 
Not enough operands 2034177598 
2034177598 1522754336 
Unknown operator 2034177598 1522754336 
Unknown operator 2034177598 1522754336 
2034177598 1522754336 -1979833256 
2034177598 1522754336 -1979833256 825277860 
2034177598 1522754336 -1154555396 
2034177598 1110750080 
1018198272 
Not enough operands 1018198272 
Not enough operands 1018198272 
Not enough operands 1018198272 
Not enough operands 1018198272 
1018198272 -168036177 
349878016 
349878016 -1965804576 
-1979284704 
Not enough operands -1979284704 
-1979284704 -761340278 
-1217944426 
Not enough operands -1217944426 
-1217944426 535880834 
-682063592 
Not enough operands -682063592 
-682063592 1668748739 
Unknown operator -682063592 1668748739 
1305961800 
Not enough operands 1305961800 
Not enough operands 1305961800 
1305961800 337243038 
1223793264 
Not enough operands 1223793264 
Not enough operands 1223793264 
1223793264 -1648456012 
1223793264 -1648456012 479003416 
1223793264 -2127459428 
-903666164 
Not enough operands -903666164 
-903666164 -343460957 
-917922396 
-917922396 1851058314 
1784388200 
Not enough operands 1784388200 
1784388200 260859153 
2045247353 
Unknown operator 2045247353 
Not enough operands 2045247353 
2045247353 -65451700 
-31 
-31 2085194630 
0 
Not enough operands 0 
Unknown operator 0 
Unknown operator 0 
0 1786945110 
0 
Not enough operands 0 
Not enough operands 0 
