[x]
Unbound variable 'x' []
[94]
Not enough operands [94]
Not enough operands [94]
Not enough operands [94]
Not enough operands [94]
[94, x]
[]
['?2pVFBR;@]
['?2pVFBR;@, -20]
['?2pVFBR;@, -20, x]
['?2pVFBR;@]
['?2pVFBR;@, x]
['?2pVFBR;@, -20]
['?2pVFBR;@, -20, 36]
['?2pVFBR;@, -20, 36, 12]
['?2pVFBR;@, -20, 432]
['?2pVFBR;@, -8640]
Unbound variable '-8640' ['?2pVFBR;@]
['?2pVFBR;@, 0]
Can't perform math operator on non-integers []
Not enough operands []
[22]
[22, -81]
[-1782]
Not enough operands [-1782]
[-1782, 86]
[-1782, 86, -14]
[-1782]
[-1782, -74]
[131868]
[131868, -15]
[-8791]
Not enough operands [-8791]
[-8791, x]
[-8791, -20]
[-8771]
Not enough operands [-8771]
[-8771, 41]
[-8730]
Not enough operands [-8730]
[-8730, \LI98{eO*i]
Can't perform math operator on non-integers [-8730]
[-8730, x]
[]
[x]
[-8730]
Not enough operands [-8730]
Not enough operands [-8730]
Not enough operands [-8730]
Not enough operands [-8730]
Unbound variable '-8730' []
Not enough operands []
[50]
Not enough operands [50]
[50, -45]
[-2250]
Not enough operands [-2250]
Unbound variable '-2250' []
Not enough operands []
Not enough operands []
[84]
[84, -27]
[84, -27, x]
[84]
Not enough operands [84]
[84, 51]
[84, 51, 48]
[84, 51, 48, ~`#GV]
[84, 51, 48, ~`#GV, go-L]
Can't perform math operator on non-integers [84, 51, 48, ~`#GV]
[84, 51, 48, ~`#GV, -11]
Unbound variable '-11' [84, 51, 48, ~`#GV]
[84, 51, 48, ~`#GV, 83]
Can't perform math operator on non-integers [84, 51, 48]
[84]
Not enough operands [84]
Not enough operands [84]
Not enough operands [84]
Not enough operands [84]
Not enough operands [84]
Unbound variable '84' []
[50]
Not enough operands [50]
Not enough operands [50]
[50, -40]
[90]
Not enough operands [90]
Not enough operands [90]
[90, -5]
[90, -5, x]
[90]
[90, 97]
[]
Not enough operands []
Not enough operands []
[-91]
[-91, 81]
[-10]
Not enough operands [-10]
[-10, x]
[-10, -5]
[-10, -5, &dD$O*50dS]
Can't perform math operator on non-integers [-10, -5]
[-10, -5, x]
[-10]
[-10, -98]
[88]
[88, x]
[88, -5]
[88, -5, -75]
[88, -80]
